BEGIN -> (-1, -1)
int -> (-1, -1)
identifier -> (2, 1)
; -> (-1, -1)
int -> (-1, -1)
identifier -> (3, 2)
; -> (-1, -1)
int -> (-1, -1)
identifier -> (4, 3)
; -> (-1, -1)
identifier -> (5, 1)
$= -> (-1, -1)
int const -> (5, 4)
; -> (-1, -1)
identifier -> (6, 2)
= -> (-1, -1)
int const -> (6, 5)
; -> (-1, -1)
identifier -> (7, 3)
$= -> (-1, -1)
int const -> (7, 6)
; -> (-1, -1)
if -> (-1, -1)
( -> (-1, -1)
identifier -> (8, 1)
-gt -> (-1, -1)
identifier -> (8, 2)
&& -> (-1, -1)
identifier -> (8, 2)
-gt -> (-1, -1)
identifier -> (8, 3)
) -> (-1, -1)
{ -> (-1, -1)
write -> (-1, -1)
( -> (-1, -1)
str const -> (9, 7)
) -> (-1, -1)
ret -> (-1, -1)
; -> (-1, -1)
} -> (-1, -1)
if -> (-1, -1)
( -> (-1, -1)
identifier -> (12, 2)
-gt -> (-1, -1)
identifier -> (12, 1)
&& -> (-1, -1)
identifier -> (12, 2)
-gt -> (-1, -1)
identifier -> (12, 3)
) -> (-1, -1)
{ -> (-1, -1)
write -> (-1, -1)
( -> (-1, -1)
str const -> (13, 8)
) -> (-1, -1)
ret -> (-1, -1)
; -> (-1, -1)
} -> (-1, -1)
if -> (-1, -1)
( -> (-1, -1)
identifier -> (17, 3)
-gt -> (-1, -1)
identifier -> (17, 1)
&& -> (-1, -1)
identifier -> (17, 3)
-gt -> (-1, -1)
identifier -> (17, 2)
) -> (-1, -1)
{ -> (-1, -1)
write -> (-1, -1)
( -> (-1, -1)
str const -> (18, 9)
) -> (-1, -1)
ret -> (-1, -1)
; -> (-1, -1)
} -> (-1, -1)
END -> (-1, -1)
